[2019.07.07 11:58:01] (Coverage): Failed to load coverage data from file: /home/zem/.IdeaIC2018.2/system/coverage/data_warehouse$com_zembruzski_rollingsnow_datawarehouse_DatawareHouseApplicationKt.ic
java.io.EOFException
	at java.io.DataInputStream.readByte(DataInputStream.java:267)
	at com.intellij.rt.coverage.util.CoverageIOUtil.readUTFFast(CoverageIOUtil.java:105)
	at com.intellij.rt.coverage.util.ProjectDataLoader.expand(ProjectDataLoader.java:107)
	at com.intellij.rt.coverage.util.ProjectDataLoader.load(ProjectDataLoader.java:49)
	at com.intellij.coverage.IDEACoverageRunner.loadCoverageData(IDEACoverageRunner.java:26)
	at com.intellij.coverage.BaseCoverageSuite.loadProjectInfo(BaseCoverageSuite.java:245)
	at com.intellij.coverage.JavaCoverageSuite.getCoverageData(JavaCoverageSuite.java:177)
	at com.intellij.coverage.CoverageSuitesBundle.getCoverageData(CoverageSuitesBundle.java:95)
	at com.intellij.coverage.PackageAnnotator.annotate(PackageAnnotator.java:139)
	at com.intellij.coverage.JavaCoverageAnnotator.lambda$createRenewRequest$1(JavaCoverageAnnotator.java:142)
	at com.intellij.coverage.BaseCoverageAnnotator$1.run(BaseCoverageAnnotator.java:36)
	at com.intellij.openapi.progress.impl.CoreProgressManager$TaskRunnable.run(CoreProgressManager.java:736)
	at com.intellij.openapi.progress.impl.CoreProgressManager.lambda$runProcess$1(CoreProgressManager.java:157)
	at com.intellij.openapi.progress.impl.CoreProgressManager.registerIndicatorAndRun(CoreProgressManager.java:580)
	at com.intellij.openapi.progress.impl.CoreProgressManager.executeProcessUnderProgress(CoreProgressManager.java:525)
	at com.intellij.openapi.progress.impl.ProgressManagerImpl.executeProcessUnderProgress(ProgressManagerImpl.java:85)
	at com.intellij.openapi.progress.impl.CoreProgressManager.runProcess(CoreProgressManager.java:144)
	at com.intellij.openapi.progress.impl.CoreProgressManager$4.run(CoreProgressManager.java:395)
	at com.intellij.openapi.application.impl.ApplicationImpl$1.run(ApplicationImpl.java:314)
	at java.util.concurrent.Executors$RunnableAdapter.call(Executors.java:511)
	at java.util.concurrent.FutureTask.run(FutureTask.java:266)
	at java.util.concurrent.ThreadPoolExecutor.runWorker(ThreadPoolExecutor.java:1142)
	at java.util.concurrent.ThreadPoolExecutor$Worker.run(ThreadPoolExecutor.java:617)
	at java.lang.Thread.run(Thread.java:745)
[2019.07.07 12:05:00] (Coverage): Failed to load coverage data from file: /home/zem/.IdeaIC2018.2/system/coverage/data_warehouse$com_zembruzski_rollingsnow_datawarehouse_DatawareHouseApplicationKt.ic
java.io.EOFException
	at java.io.DataInputStream.readByte(DataInputStream.java:267)
	at com.intellij.rt.coverage.util.CoverageIOUtil.readUTFFast(CoverageIOUtil.java:105)
	at com.intellij.rt.coverage.util.ProjectDataLoader.expand(ProjectDataLoader.java:107)
	at com.intellij.rt.coverage.util.ProjectDataLoader.load(ProjectDataLoader.java:49)
	at com.intellij.coverage.IDEACoverageRunner.loadCoverageData(IDEACoverageRunner.java:26)
	at com.intellij.coverage.BaseCoverageSuite.loadProjectInfo(BaseCoverageSuite.java:245)
	at com.intellij.coverage.JavaCoverageSuite.getCoverageData(JavaCoverageSuite.java:177)
	at com.intellij.coverage.CoverageSuitesBundle.getCoverageData(CoverageSuitesBundle.java:95)
	at com.intellij.coverage.SrcFileAnnotator.showCoverageInformation(SrcFileAnnotator.java:289)
	at com.intellij.coverage.CoverageDataManagerImpl$CoverageEditorFactoryListener.lambda$editorCreated$1(CoverageDataManagerImpl.java:707)
	at com.intellij.util.concurrency.QueueProcessor.runSafely(QueueProcessor.java:232)
	at com.intellij.util.Alarm$Request.runSafely(Alarm.java:405)
	at com.intellij.util.Alarm$Request.access$700(Alarm.java:330)
	at com.intellij.util.Alarm$Request$1.run(Alarm.java:371)
	at com.intellij.util.Alarm$Request.run(Alarm.java:382)
	at java.util.concurrent.Executors$RunnableAdapter.call(Executors.java:511)
	at java.util.concurrent.FutureTask.run(FutureTask.java:266)
	at com.intellij.util.concurrency.SchedulingWrapper$MyScheduledFutureTask.run(SchedulingWrapper.java:228)
	at com.intellij.util.concurrency.BoundedTaskExecutor.doRun(BoundedTaskExecutor.java:226)
	at com.intellij.util.concurrency.BoundedTaskExecutor.access$100(BoundedTaskExecutor.java:26)
	at com.intellij.util.concurrency.BoundedTaskExecutor$2$1.run(BoundedTaskExecutor.java:199)
	at com.intellij.util.ConcurrencyUtil.runUnderThreadName(ConcurrencyUtil.java:229)
	at com.intellij.util.concurrency.BoundedTaskExecutor$2.run(BoundedTaskExecutor.java:193)
	at java.util.concurrent.ThreadPoolExecutor.runWorker(ThreadPoolExecutor.java:1142)
	at java.util.concurrent.ThreadPoolExecutor$Worker.run(ThreadPoolExecutor.java:617)
	at java.lang.Thread.run(Thread.java:745)
[2019.07.07 12:17:19] (Coverage): Failed to load coverage data from file: /home/zem/.IdeaIC2018.2/system/coverage/data_warehouse$com_zembruzski_rollingsnow_datawarehouse_DatawareHouseApplicationKt.ic
java.io.EOFException
	at java.io.DataInputStream.readByte(DataInputStream.java:267)
	at com.intellij.rt.coverage.util.CoverageIOUtil.readUTFFast(CoverageIOUtil.java:105)
	at com.intellij.rt.coverage.util.ProjectDataLoader.expand(ProjectDataLoader.java:107)
	at com.intellij.rt.coverage.util.ProjectDataLoader.load(ProjectDataLoader.java:49)
	at com.intellij.coverage.IDEACoverageRunner.loadCoverageData(IDEACoverageRunner.java:26)
	at com.intellij.coverage.BaseCoverageSuite.loadProjectInfo(BaseCoverageSuite.java:245)
	at com.intellij.coverage.JavaCoverageSuite.getCoverageData(JavaCoverageSuite.java:177)
	at com.intellij.coverage.CoverageSuitesBundle.getCoverageData(CoverageSuitesBundle.java:95)
	at com.intellij.coverage.SrcFileAnnotator.showCoverageInformation(SrcFileAnnotator.java:289)
	at com.intellij.coverage.CoverageDataManagerImpl$CoverageEditorFactoryListener.lambda$editorCreated$1(CoverageDataManagerImpl.java:707)
	at com.intellij.util.concurrency.QueueProcessor.runSafely(QueueProcessor.java:232)
	at com.intellij.util.Alarm$Request.runSafely(Alarm.java:405)
	at com.intellij.util.Alarm$Request.access$700(Alarm.java:330)
	at com.intellij.util.Alarm$Request$1.run(Alarm.java:371)
	at com.intellij.util.Alarm$Request.run(Alarm.java:382)
	at java.util.concurrent.Executors$RunnableAdapter.call(Executors.java:511)
	at java.util.concurrent.FutureTask.run(FutureTask.java:266)
	at com.intellij.util.concurrency.SchedulingWrapper$MyScheduledFutureTask.run(SchedulingWrapper.java:228)
	at com.intellij.util.concurrency.BoundedTaskExecutor.doRun(BoundedTaskExecutor.java:226)
	at com.intellij.util.concurrency.BoundedTaskExecutor.access$100(BoundedTaskExecutor.java:26)
	at com.intellij.util.concurrency.BoundedTaskExecutor$2$1.run(BoundedTaskExecutor.java:199)
	at com.intellij.util.ConcurrencyUtil.runUnderThreadName(ConcurrencyUtil.java:229)
	at com.intellij.util.concurrency.BoundedTaskExecutor$2.run(BoundedTaskExecutor.java:193)
	at java.util.concurrent.ThreadPoolExecutor.runWorker(ThreadPoolExecutor.java:1142)
	at java.util.concurrent.ThreadPoolExecutor$Worker.run(ThreadPoolExecutor.java:617)
	at java.lang.Thread.run(Thread.java:745)
[2019.07.07 12:18:59] (Coverage): Failed to load coverage data from file: /home/zem/.IdeaIC2018.2/system/coverage/data_warehouse$com_zembruzski_rollingsnow_datawarehouse_DatawareHouseApplicationKt.ic
java.io.EOFException
	at java.io.DataInputStream.readByte(DataInputStream.java:267)
	at com.intellij.rt.coverage.util.CoverageIOUtil.readUTFFast(CoverageIOUtil.java:105)
	at com.intellij.rt.coverage.util.ProjectDataLoader.expand(ProjectDataLoader.java:107)
	at com.intellij.rt.coverage.util.ProjectDataLoader.load(ProjectDataLoader.java:49)
	at com.intellij.coverage.IDEACoverageRunner.loadCoverageData(IDEACoverageRunner.java:26)
	at com.intellij.coverage.BaseCoverageSuite.loadProjectInfo(BaseCoverageSuite.java:245)
	at com.intellij.coverage.JavaCoverageSuite.getCoverageData(JavaCoverageSuite.java:177)
	at com.intellij.coverage.CoverageSuitesBundle.getCoverageData(CoverageSuitesBundle.java:95)
	at com.intellij.coverage.SrcFileAnnotator.showCoverageInformation(SrcFileAnnotator.java:289)
	at com.intellij.coverage.CoverageDataManagerImpl$CoverageEditorFactoryListener.lambda$editorCreated$1(CoverageDataManagerImpl.java:707)
	at com.intellij.util.concurrency.QueueProcessor.runSafely(QueueProcessor.java:232)
	at com.intellij.util.Alarm$Request.runSafely(Alarm.java:405)
	at com.intellij.util.Alarm$Request.access$700(Alarm.java:330)
	at com.intellij.util.Alarm$Request$1.run(Alarm.java:371)
	at com.intellij.util.Alarm$Request.run(Alarm.java:382)
	at java.util.concurrent.Executors$RunnableAdapter.call(Executors.java:511)
	at java.util.concurrent.FutureTask.run(FutureTask.java:266)
	at com.intellij.util.concurrency.SchedulingWrapper$MyScheduledFutureTask.run(SchedulingWrapper.java:228)
	at com.intellij.util.concurrency.BoundedTaskExecutor.doRun(BoundedTaskExecutor.java:226)
	at com.intellij.util.concurrency.BoundedTaskExecutor.access$100(BoundedTaskExecutor.java:26)
	at com.intellij.util.concurrency.BoundedTaskExecutor$2$1.run(BoundedTaskExecutor.java:199)
	at com.intellij.util.ConcurrencyUtil.runUnderThreadName(ConcurrencyUtil.java:229)
	at com.intellij.util.concurrency.BoundedTaskExecutor$2.run(BoundedTaskExecutor.java:193)
	at java.util.concurrent.ThreadPoolExecutor.runWorker(ThreadPoolExecutor.java:1142)
	at java.util.concurrent.ThreadPoolExecutor$Worker.run(ThreadPoolExecutor.java:617)
	at java.lang.Thread.run(Thread.java:745)
[2019.07.08 15:37:54] (Coverage): Failed to load coverage data from file: /home/zem/.IdeaIC2018.2/system/coverage/data_warehouse$com_zembruzski_rollingsnow_datawarehouse_DatawareHouseApplicationKt.ic
java.io.EOFException
	at java.io.DataInputStream.readByte(DataInputStream.java:267)
	at com.intellij.rt.coverage.util.CoverageIOUtil.readUTFFast(CoverageIOUtil.java:105)
	at com.intellij.rt.coverage.util.ProjectDataLoader.expand(ProjectDataLoader.java:107)
	at com.intellij.rt.coverage.util.ProjectDataLoader.load(ProjectDataLoader.java:49)
	at com.intellij.coverage.IDEACoverageRunner.loadCoverageData(IDEACoverageRunner.java:26)
	at com.intellij.coverage.BaseCoverageSuite.loadProjectInfo(BaseCoverageSuite.java:245)
	at com.intellij.coverage.JavaCoverageSuite.getCoverageData(JavaCoverageSuite.java:177)
	at com.intellij.coverage.CoverageSuitesBundle.getCoverageData(CoverageSuitesBundle.java:95)
	at com.intellij.coverage.SrcFileAnnotator.showCoverageInformation(SrcFileAnnotator.java:289)
	at com.intellij.coverage.CoverageDataManagerImpl$CoverageEditorFactoryListener.lambda$editorCreated$1(CoverageDataManagerImpl.java:707)
	at com.intellij.util.concurrency.QueueProcessor.runSafely(QueueProcessor.java:232)
	at com.intellij.util.Alarm$Request.runSafely(Alarm.java:405)
	at com.intellij.util.Alarm$Request.access$700(Alarm.java:330)
	at com.intellij.util.Alarm$Request$1.run(Alarm.java:371)
	at com.intellij.util.Alarm$Request.run(Alarm.java:382)
	at java.util.concurrent.Executors$RunnableAdapter.call(Executors.java:511)
	at java.util.concurrent.FutureTask.run(FutureTask.java:266)
	at com.intellij.util.concurrency.SchedulingWrapper$MyScheduledFutureTask.run(SchedulingWrapper.java:228)
	at com.intellij.util.concurrency.BoundedTaskExecutor.doRun(BoundedTaskExecutor.java:226)
	at com.intellij.util.concurrency.BoundedTaskExecutor.access$100(BoundedTaskExecutor.java:26)
	at com.intellij.util.concurrency.BoundedTaskExecutor$2$1.run(BoundedTaskExecutor.java:199)
	at com.intellij.util.ConcurrencyUtil.runUnderThreadName(ConcurrencyUtil.java:229)
	at com.intellij.util.concurrency.BoundedTaskExecutor$2.run(BoundedTaskExecutor.java:193)
	at java.util.concurrent.ThreadPoolExecutor.runWorker(ThreadPoolExecutor.java:1142)
	at java.util.concurrent.ThreadPoolExecutor$Worker.run(ThreadPoolExecutor.java:617)
	at java.lang.Thread.run(Thread.java:745)
[2019.07.08 16:44:59] (Coverage): Failed to load coverage data from file: /home/zem/.IdeaIC2018.2/system/coverage/data_warehouse$com_zembruzski_rollingsnow_datawarehouse_DatawareHouseApplicationKt.ic
java.io.EOFException
	at java.io.DataInputStream.readByte(DataInputStream.java:267)
	at com.intellij.rt.coverage.util.CoverageIOUtil.readUTFFast(CoverageIOUtil.java:105)
	at com.intellij.rt.coverage.util.ProjectDataLoader.expand(ProjectDataLoader.java:107)
	at com.intellij.rt.coverage.util.ProjectDataLoader.load(ProjectDataLoader.java:49)
	at com.intellij.coverage.IDEACoverageRunner.loadCoverageData(IDEACoverageRunner.java:26)
	at com.intellij.coverage.BaseCoverageSuite.loadProjectInfo(BaseCoverageSuite.java:245)
	at com.intellij.coverage.JavaCoverageSuite.getCoverageData(JavaCoverageSuite.java:177)
	at com.intellij.coverage.CoverageSuitesBundle.getCoverageData(CoverageSuitesBundle.java:95)
	at com.intellij.coverage.SrcFileAnnotator.showCoverageInformation(SrcFileAnnotator.java:289)
	at com.intellij.coverage.CoverageDataManagerImpl$CoverageEditorFactoryListener.lambda$editorCreated$1(CoverageDataManagerImpl.java:707)
	at com.intellij.util.concurrency.QueueProcessor.runSafely(QueueProcessor.java:232)
	at com.intellij.util.Alarm$Request.runSafely(Alarm.java:405)
	at com.intellij.util.Alarm$Request.access$700(Alarm.java:330)
	at com.intellij.util.Alarm$Request$1.run(Alarm.java:371)
	at com.intellij.util.Alarm$Request.run(Alarm.java:382)
	at java.util.concurrent.Executors$RunnableAdapter.call(Executors.java:511)
	at java.util.concurrent.FutureTask.run(FutureTask.java:266)
	at com.intellij.util.concurrency.SchedulingWrapper$MyScheduledFutureTask.run(SchedulingWrapper.java:228)
	at com.intellij.util.concurrency.BoundedTaskExecutor.doRun(BoundedTaskExecutor.java:226)
	at com.intellij.util.concurrency.BoundedTaskExecutor.access$100(BoundedTaskExecutor.java:26)
	at com.intellij.util.concurrency.BoundedTaskExecutor$2$1.run(BoundedTaskExecutor.java:199)
	at com.intellij.util.ConcurrencyUtil.runUnderThreadName(ConcurrencyUtil.java:229)
	at com.intellij.util.concurrency.BoundedTaskExecutor$2.run(BoundedTaskExecutor.java:193)
	at java.util.concurrent.ThreadPoolExecutor.runWorker(ThreadPoolExecutor.java:1142)
	at java.util.concurrent.ThreadPoolExecutor$Worker.run(ThreadPoolExecutor.java:617)
	at java.lang.Thread.run(Thread.java:745)
[2019.07.08 16:50:56] (Coverage): Failed to load coverage data from file: /home/zem/.IdeaIC2018.2/system/coverage/data_warehouse$com_zembruzski_rollingsnow_datawarehouse_DatawareHouseApplicationKt.ic
java.io.EOFException
	at java.io.DataInputStream.readByte(DataInputStream.java:267)
	at com.intellij.rt.coverage.util.CoverageIOUtil.readUTFFast(CoverageIOUtil.java:105)
	at com.intellij.rt.coverage.util.ProjectDataLoader.expand(ProjectDataLoader.java:107)
	at com.intellij.rt.coverage.util.ProjectDataLoader.load(ProjectDataLoader.java:49)
	at com.intellij.coverage.IDEACoverageRunner.loadCoverageData(IDEACoverageRunner.java:26)
	at com.intellij.coverage.BaseCoverageSuite.loadProjectInfo(BaseCoverageSuite.java:245)
	at com.intellij.coverage.JavaCoverageSuite.getCoverageData(JavaCoverageSuite.java:177)
	at com.intellij.coverage.CoverageSuitesBundle.getCoverageData(CoverageSuitesBundle.java:95)
	at com.intellij.coverage.SrcFileAnnotator.showCoverageInformation(SrcFileAnnotator.java:289)
	at com.intellij.coverage.CoverageDataManagerImpl$CoverageEditorFactoryListener.lambda$editorCreated$1(CoverageDataManagerImpl.java:707)
	at com.intellij.util.concurrency.QueueProcessor.runSafely(QueueProcessor.java:232)
	at com.intellij.util.Alarm$Request.runSafely(Alarm.java:405)
	at com.intellij.util.Alarm$Request.access$700(Alarm.java:330)
	at com.intellij.util.Alarm$Request$1.run(Alarm.java:371)
	at com.intellij.util.Alarm$Request.run(Alarm.java:382)
	at java.util.concurrent.Executors$RunnableAdapter.call(Executors.java:511)
	at java.util.concurrent.FutureTask.run(FutureTask.java:266)
	at com.intellij.util.concurrency.SchedulingWrapper$MyScheduledFutureTask.run(SchedulingWrapper.java:228)
	at com.intellij.util.concurrency.BoundedTaskExecutor.doRun(BoundedTaskExecutor.java:226)
	at com.intellij.util.concurrency.BoundedTaskExecutor.access$100(BoundedTaskExecutor.java:26)
	at com.intellij.util.concurrency.BoundedTaskExecutor$2$1.run(BoundedTaskExecutor.java:199)
	at com.intellij.util.ConcurrencyUtil.runUnderThreadName(ConcurrencyUtil.java:229)
	at com.intellij.util.concurrency.BoundedTaskExecutor$2.run(BoundedTaskExecutor.java:193)
	at java.util.concurrent.ThreadPoolExecutor.runWorker(ThreadPoolExecutor.java:1142)
	at java.util.concurrent.ThreadPoolExecutor$Worker.run(ThreadPoolExecutor.java:617)
	at java.lang.Thread.run(Thread.java:745)
